apps/tldraw-native/src-tauri/gen/android/app/proguard-tauri.pro
# THIS IS AN AUTOGENERATED FILE. DO NOT EDIT THIS FILE DIRECTLY.

-keep class com.tldraw_native_app.TauriActivity {
  public app.tauri.plugin.PluginManager getPluginManager();
}