apps/tldraw-native/src-tauri/gen/android/app/build/outputs/mapping/universalRelease/seeds.txt
com.fasterxml.jackson.databind.deser.std.JsonNodeDeserializer: JsonNodeDeserializer(com.fasterxml.jackson.databind.deser.std.JsonNodeDeserializer,boolean,boolean)
com.fasterxml.jackson.databind.deser.BeanDeserializerBase: BeanDeserializerBase(com.fasterxml.jackson.databind.deser.BeanDeserializerBase)
com.fasterxml.jackson.databind.deser.std.StringCollectionDeserializer: java.util.Collection handleNonArray(com.fasterxml.jackson.core.JsonParser,com.fasterxml.jackson.databind.DeserializationContext,java.util.Collection)
com.fasterxml.jackson.databind.ser.std.StdArraySerializers$ShortArraySerializer: void serialize(java.lang.Object,com.fasterxml.jackson.core.JsonGenerator,com.fasterxml.jackson.databind.SerializerProvider)
androidx.appcompat.app.AppCompatDelegateImpl$Api24Impl: void setLocales(android.content.res.Configuration,androidx.core.os.LocaleListCompat)
androidx.appcompat.widget.AppCompatMultiAutoCompleteTextView: void setEmojiCompatEnabled(boolean)
com.fasterxml.jackson.databind.ser.std.StringSerializer: com.fasterxml.jackson.databind.JsonNode getSchema(com.fasterxml.jackson.databind.SerializerProvider,java.lang.reflect.Type)
androidx.recyclerview.widget.GridLayoutManager: GridLayoutManager(android.content.Context,android.util.AttributeSet,int,int)
org.chromium.support_lib_boundary.WebMessagePortBoundaryInterface: void postMessage(java.lang.reflect.InvocationHandler)
com.fasterxml.jackson.databind.deser.std.PrimitiveArrayDeserializers$ShortDeser: java.lang.Object handleSingleElementUnwrapped(com.fasterxml.jackson.core.JsonParser,com.fasterxml.jackson.databind.DeserializationContext)
com.google.android.material.internal.BaselineLayout: BaselineLayout(android.content.Context,android.util.AttributeSet)
com.google.android.material.chip.Chip: void setChipMinHeightResource(int)
com.fasterxml.jackson.databind.deser.std.JsonNodeDeserializer$ArrayDeserializer: com.fasterxml.jackson.databind.deser.std.JsonNodeDeserializer$ArrayDeserializer getInstance()
com.fasterxml.jackson.databind.ser.std.StringSerializer: void serializeWithType(java.lang.Object,com.fasterxml.jackson.core.JsonGenerator,com.fasterxml.jackson.databind.SerializerProvider,com.fasterxml.jackson.databind.jsontype.TypeSerializer)
androidx.recyclerview.widget.RecyclerView: boolean getClipToPadding()
com.fasterxml.jackson.core.JsonFactory: com.fasterxml.jackson.core.util.BufferRecycler _getBufferRecycler()
com.fasterxml.jackson.databind.deser.std.UntypedObjectDeserializer$Vanilla: java.lang.Object deserialize(com.fasterxml.jackson.core.JsonParser,com.fasterxml.jackson.databind.DeserializationContext,java.lang.Object)
androidx.core.view.MenuItemCompat$Api26Impl: android.view.MenuItem setShortcut(android.view.MenuItem,char,char,int,int)
androidx.appcompat.widget.AppCompatTextHelper$Api26Impl: void setAutoSizeTextTypeUniformWithConfiguration(android.widget.TextView,int,int,int,int)
androidx.appcompat.widget.AppCompatImageView: void setSupportBackgroundTintList(android.content.res.ColorStateList)
com.google.android.material.datepicker.MaterialTextInputPicker: MaterialTextInputPicker()
androidx.appcompat.widget.AppCompatCheckBox: void setEmojiCompatEnabled(boolean)
androidx.appcompat.widget.AppCompatImageView: void setBackgroundResource(int)
androidx.recyclerview.widget.RecyclerView: androidx.recyclerview.widget.RecyclerViewAccessibilityDelegate getCompatAccessibilityDelegate()
com.fasterxml.jackson.databind.deser.std.MapEntryDeserializer: MapEntryDeserializer(com.fasterxml.jackson.databind.deser.std.MapEntryDeserializer)
com.fasterxml.jackson.databind.ext.CoreXMLSerializers$XMLGregorianCalendarSerializer: void serialize(javax.xml.datatype.XMLGregorianCalendar,com.fasterxml.jackson.core.JsonGenerator,com.fasterxml.jackson.databind.SerializerProvider)