apps/tldraw-native/src-tauri/gen/android/app/build/outputs/mapping/universalRelease/usage.txt
com.google.android.material.floatingactionbutton.FloatingActionButton$TransformationCallbackWrapper
com.google.android.material.floatingactionbutton.FloatingActionButton:
    private static final int AUTO_MINI_LARGEST_SCREEN_WIDTH
    private static final int DEF_STYLE_RES
    private static final java.lang.String EXPANDABLE_WIDGET_HELPER_KEY
    private static final java.lang.String LOG_TAG
    public static final int NO_CUSTOM_SIZE
    public static final int SIZE_AUTO
    public static final int SIZE_MINI
    public static final int SIZE_NORMAL
    private android.content.res.ColorStateList backgroundTint
    private android.graphics.PorterDuff$Mode backgroundTintMode
    private int borderWidth
    boolean compatPadding
    private int customSize
    private final com.google.android.material.expandable.ExpandableWidgetHelper expandableWidgetHelper
    private final androidx.appcompat.widget.AppCompatImageHelper imageHelper
    private android.graphics.PorterDuff$Mode imageMode
    private int imagePadding
    private android.content.res.ColorStateList imageTint
    private com.google.android.material.floatingactionbutton.FloatingActionButtonImpl impl
    private int maxImageSize
    private android.content.res.ColorStateList rippleColor
    private int size
    private final android.graphics.Rect touchArea
    static void <clinit>()
    public void <init>(android.content.Context)
    public void <init>(android.content.Context,android.util.AttributeSet)
    public void <init>(android.content.Context,android.util.AttributeSet,int)
com.google.android.material.floatingactionbutton.FloatingActionButtonImpl$1
com.google.android.material.floatingactionbutton.FloatingActionButtonImpl$2
com.google.android.material.floatingactionbutton.FloatingActionButtonImpl$3
com.google.android.material.floatingactionbutton.FloatingActionButtonImpl$4
com.google.android.material.floatingactionbutton.FloatingActionButtonImpl$5
com.google.android.material.floatingactionbutton.FloatingActionButtonImpl$6
com.google.android.material.floatingactionbutton.FloatingActionButtonImpl$DisabledElevationAnimation
com.google.android.material.floatingactionbutton.FloatingActionButtonImpl$ElevateToHoveredFocusedTranslationZAnimation
com.google.android.material.floatingactionbutton.FloatingActionButtonImpl$ElevateToPressedTranslationZAnimation
com.google.android.material.floatingactionbutton.FloatingActionButtonImpl$InternalTransformationCallback
com.google.android.material.floatingactionbutton.FloatingActionButtonImpl$InternalVisibilityChangedListener
com.google.android.material.floatingactionbutton.FloatingActionButtonImpl$ResetElevationAnimation
com.google.android.material.floatingactionbutton.FloatingActionButtonImpl$ShadowAnimatorImpl
com.google.android.material.floatingactionbutton.FloatingActionButtonImpl
com.google.android.material.floatingactionbutton.FloatingActionButtonImplLollipop$AlwaysStatefulMaterialShapeDrawable
com.google.android.material.floatingactionbutton.FloatingActionButtonImplLollipop
com.google.android.material.floatingactionbutton.MotionStrategy:
    public abstract void addAnimationListener(android.animation.Animator$AnimatorListener)
    public abstract com.google.android.material.animation.MotionSpec getCurrentMotionSpec()
    public abstract int getDefaultMotionSpecResource()
    public abstract com.google.android.material.animation.MotionSpec getMotionSpec()
    public abstract void removeAnimationListener(android.animation.Animator$AnimatorListener)
    public abstract void setMotionSpec(com.google.android.material.animation.MotionSpec)
com.google.android.material.imageview.ShapeableImageView$OutlineProvider
com.google.android.material.imageview.ShapeableImageView
com.google.android.material.internal.BaselineLayout:
    public void <init>(android.content.Context)
    public void <init>(android.content.Context,android.util.AttributeSet,int)
com.google.android.material.internal.CheckableGroup$1